<?xml version="1.0" encoding="UTF-8"?>
<!-- Generated by org.testng.reporters.JUnitXMLReporter -->
<testsuite hostname="Tanmay" ignored="0" name="Test" tests="3" failures="0" timestamp="2019-12-23T09:42:47 IST" time="87.033" errors="0">
  <testcase name="openBroswer" time="10.497" classname="com.training.testng.NewTest"/>
  <testcase name="login" time="4.554" classname="com.training.testng.NewTest"/>
  <testcase name="login" time="71.91" classname="com.training.testng.NewTest"/>
</testsuite> <!-- Test -->
