<?xml version="1.0" encoding="UTF-8"?>
<testng-results skipped="0" failed="0" ignored="0" total="3" passed="3">
  <reporter-output>
  </reporter-output>
  <suite name="Suite" duration-ms="25260" started-at="2019-12-22T22:07:59 IST" finished-at="2019-12-22T22:08:24 IST">
    <groups>
    </groups>
    <test name="Test" duration-ms="25260" started-at="2019-12-22T22:07:59 IST" finished-at="2019-12-22T22:08:24 IST">
      <class name="com.training.beans.NewTest">
        <test-method status="PASS" signature="openBrowser(java.lang.String)[pri:0, instance:com.training.beans.NewTest@4b4523f8]" name="openBrowser" duration-ms="9855" started-at="2019-12-22T22:07:59 IST" finished-at="2019-12-22T22:08:09 IST">
          <params>
            <param index="0">
              <value>
                <![CDATA[webdriver.chrome.driver]]>
              </value>
            </param>
          </params>
          <reporter-output>
          </reporter-output>
        </test-method> <!-- openBrowser -->
        <test-method status="PASS" signature="loginTest(java.lang.String, java.lang.String)[pri:1, instance:com.training.beans.NewTest@4b4523f8]" name="loginTest" duration-ms="7613" started-at="2019-12-22T22:08:09 IST" data-provider="dp" finished-at="2019-12-22T22:08:17 IST">
          <params>
            <param index="0">
              <value>
                <![CDATA[Admin12]]>
              </value>
            </param>
            <param index="1">
              <value>
                <![CDATA[admin123]]>
              </value>
            </param>
          </params>
          <reporter-output>
          </reporter-output>
        </test-method> <!-- loginTest -->
        <test-method status="PASS" signature="loginTest(java.lang.String, java.lang.String)[pri:1, instance:com.training.beans.NewTest@4b4523f8]" name="loginTest" duration-ms="7600" started-at="2019-12-22T22:08:17 IST" data-provider="dp" finished-at="2019-12-22T22:08:24 IST">
          <params>
            <param index="0">
              <value>
                <![CDATA[pratik]]>
              </value>
            </param>
            <param index="1">
              <value>
                <![CDATA[pratik123]]>
              </value>
            </param>
          </params>
          <reporter-output>
          </reporter-output>
        </test-method> <!-- loginTest -->
        <test-method status="PASS" signature="closeBrowser()[pri:0, instance:com.training.beans.NewTest@4b4523f8]" name="closeBrowser" is-config="true" duration-ms="128" started-at="2019-12-22T22:08:24 IST" finished-at="2019-12-22T22:08:24 IST">
          <reporter-output>
          </reporter-output>
        </test-method> <!-- closeBrowser -->
      </class> <!-- com.training.beans.NewTest -->
    </test> <!-- Test -->
  </suite> <!-- Suite -->
</testng-results>
