<?xml version="1.0" encoding="UTF-8"?>
<!-- Generated by org.testng.reporters.JUnitXMLReporter -->
<testsuite hostname="Tanmay" ignored="0" name="Test" tests="3" failures="0" timestamp="2019-12-22T22:08:24 IST" time="25.26" errors="0">
  <testcase name="openBrowser" time="9.855" classname="com.training.beans.NewTest"/>
  <testcase name="loginTest" time="7.613" classname="com.training.beans.NewTest"/>
  <testcase name="loginTest" time="7.6" classname="com.training.beans.NewTest"/>
</testsuite> <!-- Test -->
