<?xml version="1.0" encoding="UTF-8"?>
<testng-results skipped="0" failed="0" ignored="0" total="1" passed="1">
  <reporter-output>
  </reporter-output>
  <suite name="Suite" duration-ms="14210" started-at="2019-12-22T21:55:14 IST" finished-at="2019-12-22T21:55:28 IST">
    <groups>
    </groups>
    <test name="Test" duration-ms="14210" started-at="2019-12-22T21:55:14 IST" finished-at="2019-12-22T21:55:28 IST">
      <class name="com.demo.NewTest">
        <test-method status="PASS" signature="f(java.lang.String)[pri:0, instance:com.demo.NewTest@3e9b1010]" name="f" duration-ms="14152" started-at="2019-12-22T21:55:14 IST" finished-at="2019-12-22T21:55:28 IST">
          <params>
            <param index="0">
              <value>
                <![CDATA[webdriver.chrome.driver]]>
              </value>
            </param>
          </params>
          <reporter-output>
          </reporter-output>
        </test-method> <!-- f -->
      </class> <!-- com.demo.NewTest -->
    </test> <!-- Test -->
  </suite> <!-- Suite -->
</testng-results>
